<?xml version="1.0" encoding="UTF-8"?>
<testsuite xmlns:xsi="http://www.w3.org/2001/XMLSchema-instance" xsi:noNamespaceSchemaLocation="https://maven.apache.org/surefire/maven-surefire-plugin/xsd/surefire-test-report.xsd" name="com.stratio.pg2kafka.SpringContextIntegrationTest" time="2.163" tests="1" errors="0" skipped="0" failures="0">
  <properties>
    <property name="awt.toolkit" value="sun.awt.X11.XToolkit"/>
    <property name="file.encoding.pkg" value="sun.io"/>
    <property name="java.specification.version" value="1.8"/>
    <property name="sun.cpu.isalist" value=""/>
    <property name="sun.jnu.encoding" value="UTF-8"/>
    <property name="java.class.path" value="/mnt/leibniz/work/src/stratio/pg2kafka/pg2kafka-spring-boot-autoconfigure/target/test-classes:/mnt/leibniz/work/src/stratio/pg2kafka/pg2kafka-spring-boot-autoconfigure/target/classes:/home/hmunoz/.m2/repository/io/projectreactor/addons/reactor-adapter/3.2.2.RELEASE/reactor-adapter-3.2.2.RELEASE.jar:/home/hmunoz/.m2/repository/io/projectreactor/reactor-core/3.2.6.RELEASE/reactor-core-3.2.6.RELEASE.jar:/home/hmunoz/.m2/repository/org/apache/commons/commons-lang3/3.8.1/commons-lang3-3.8.1.jar:/home/hmunoz/.m2/repository/org/springframework/boot/spring-boot-autoconfigure/2.1.3.RELEASE/spring-boot-autoconfigure-2.1.3.RELEASE.jar:/home/hmunoz/.m2/repository/org/springframework/boot/spring-boot/2.1.3.RELEASE/spring-boot-2.1.3.RELEASE.jar:/home/hmunoz/.m2/repository/org/springframework/boot/spring-boot-configuration-processor/2.1.3.RELEASE/spring-boot-configuration-processor-2.1.3.RELEASE.jar:/home/hmunoz/.m2/repository/org/springframework/boot/spring-boot-starter-integration/2.1.3.RELEASE/spring-boot-starter-integration-2.1.3.RELEASE.jar:/home/hmunoz/.m2/repository/org/springframework/boot/spring-boot-starter-aop/2.1.3.RELEASE/spring-boot-starter-aop-2.1.3.RELEASE.jar:/home/hmunoz/.m2/repository/org/springframework/spring-aop/5.1.5.RELEASE/spring-aop-5.1.5.RELEASE.jar:/home/hmunoz/.m2/repository/org/aspectj/aspectjweaver/1.9.2/aspectjweaver-1.9.2.jar:/home/hmunoz/.m2/repository/org/springframework/integration/spring-integration-core/5.1.3.RELEASE/spring-integration-core-5.1.3.RELEASE.jar:/home/hmunoz/.m2/repository/org/springframework/integration/spring-integration-kafka/3.1.1.RELEASE/spring-integration-kafka-3.1.1.RELEASE.jar:/home/hmunoz/.m2/repository/org/springframework/kafka/spring-kafka/2.2.4.RELEASE/spring-kafka-2.2.4.RELEASE.jar:/home/hmunoz/.m2/repository/org/springframework/spring-context/5.1.5.RELEASE/spring-context-5.1.5.RELEASE.jar:/home/hmunoz/.m2/repository/org/springframework/spring-beans/5.1.5.RELEASE/spring-beans-5.1.5.RELEASE.jar:/home/hmunoz/.m2/repository/org/springframework/spring-expression/5.1.5.RELEASE/spring-expression-5.1.5.RELEASE.jar:/home/hmunoz/.m2/repository/org/springframework/spring-messaging/5.1.5.RELEASE/spring-messaging-5.1.5.RELEASE.jar:/home/hmunoz/.m2/repository/org/springframework/spring-tx/5.1.5.RELEASE/spring-tx-5.1.5.RELEASE.jar:/home/hmunoz/.m2/repository/org/springframework/retry/spring-retry/1.2.4.RELEASE/spring-retry-1.2.4.RELEASE.jar:/home/hmunoz/.m2/repository/org/apache/kafka/kafka-clients/2.0.1/kafka-clients-2.0.1.jar:/home/hmunoz/.m2/repository/org/lz4/lz4-java/1.4.1/lz4-java-1.4.1.jar:/home/hmunoz/.m2/repository/org/xerial/snappy/snappy-java/1.1.7.1/snappy-java-1.1.7.1.jar:/home/hmunoz/.m2/repository/org/slf4j/slf4j-api/1.7.25/slf4j-api-1.7.25.jar:/home/hmunoz/.m2/repository/io/reactiverse/reactive-pg-client/0.11.2/reactive-pg-client-0.11.2.jar:/home/hmunoz/.m2/repository/io/vertx/vertx-core/3.6.2/vertx-core-3.6.2.jar:/home/hmunoz/.m2/repository/io/netty/netty-common/4.1.33.Final/netty-common-4.1.33.Final.jar:/home/hmunoz/.m2/repository/io/netty/netty-buffer/4.1.33.Final/netty-buffer-4.1.33.Final.jar:/home/hmunoz/.m2/repository/io/netty/netty-transport/4.1.33.Final/netty-transport-4.1.33.Final.jar:/home/hmunoz/.m2/repository/io/netty/netty-handler/4.1.33.Final/netty-handler-4.1.33.Final.jar:/home/hmunoz/.m2/repository/io/netty/netty-codec/4.1.33.Final/netty-codec-4.1.33.Final.jar:/home/hmunoz/.m2/repository/io/netty/netty-handler-proxy/4.1.33.Final/netty-handler-proxy-4.1.33.Final.jar:/home/hmunoz/.m2/repository/io/netty/netty-codec-socks/4.1.33.Final/netty-codec-socks-4.1.33.Final.jar:/home/hmunoz/.m2/repository/io/netty/netty-codec-http/4.1.33.Final/netty-codec-http-4.1.33.Final.jar:/home/hmunoz/.m2/repository/io/netty/netty-codec-http2/4.1.33.Final/netty-codec-http2-4.1.33.Final.jar:/home/hmunoz/.m2/repository/io/netty/netty-resolver/4.1.33.Final/netty-resolver-4.1.33.Final.jar:/home/hmunoz/.m2/repository/io/netty/netty-resolver-dns/4.1.33.Final/netty-resolver-dns-4.1.33.Final.jar:/home/hmunoz/.m2/repository/io/netty/netty-codec-dns/4.1.33.Final/netty-codec-dns-4.1.33.Final.jar:/home/hmunoz/.m2/repository/com/fasterxml/jackson/core/jackson-core/2.9.8/jackson-core-2.9.8.jar:/home/hmunoz/.m2/repository/com/fasterxml/jackson/core/jackson-databind/2.9.8/jackson-databind-2.9.8.jar:/home/hmunoz/.m2/repository/com/fasterxml/jackson/core/jackson-annotations/2.9.0/jackson-annotations-2.9.0.jar:/home/hmunoz/.m2/repository/org/postgresql/postgresql/42.2.5/postgresql-42.2.5.jar:/home/hmunoz/.m2/repository/org/projectlombok/lombok/1.18.6/lombok-1.18.6.jar:/home/hmunoz/.m2/repository/io/vertx/vertx-rx-java2/3.6.3/vertx-rx-java2-3.6.3.jar:/home/hmunoz/.m2/repository/io/reactivex/rxjava2/rxjava/2.2.6/rxjava-2.2.6.jar:/home/hmunoz/.m2/repository/org/reactivestreams/reactive-streams/1.0.2/reactive-streams-1.0.2.jar:/home/hmunoz/.m2/repository/io/vertx/vertx-rx-gen/3.6.3/vertx-rx-gen-3.6.3.jar:/home/hmunoz/.m2/repository/io/vertx/vertx-codegen/3.6.3/vertx-codegen-3.6.3.jar:/home/hmunoz/.m2/repository/org/mvel/mvel2/2.3.1.Final/mvel2-2.3.1.Final.jar:/home/hmunoz/.m2/repository/org/springframework/boot/spring-boot-starter-test/2.1.3.RELEASE/spring-boot-starter-test-2.1.3.RELEASE.jar:/home/hmunoz/.m2/repository/org/springframework/boot/spring-boot-starter/2.1.3.RELEASE/spring-boot-starter-2.1.3.RELEASE.jar:/home/hmunoz/.m2/repository/org/springframework/boot/spring-boot-starter-logging/2.1.3.RELEASE/spring-boot-starter-logging-2.1.3.RELEASE.jar:/home/hmunoz/.m2/repository/ch/qos/logback/logback-classic/1.2.3/logback-classic-1.2.3.jar:/home/hmunoz/.m2/repository/ch/qos/logback/logback-core/1.2.3/logback-core-1.2.3.jar:/home/hmunoz/.m2/repository/org/apache/logging/log4j/log4j-to-slf4j/2.11.2/log4j-to-slf4j-2.11.2.jar:/home/hmunoz/.m2/repository/org/apache/logging/log4j/log4j-api/2.11.2/log4j-api-2.11.2.jar:/home/hmunoz/.m2/repository/org/slf4j/jul-to-slf4j/1.7.25/jul-to-slf4j-1.7.25.jar:/home/hmunoz/.m2/repository/javax/annotation/javax.annotation-api/1.3.2/javax.annotation-api-1.3.2.jar:/home/hmunoz/.m2/repository/org/yaml/snakeyaml/1.23/snakeyaml-1.23.jar:/home/hmunoz/.m2/repository/org/springframework/boot/spring-boot-test/2.1.3.RELEASE/spring-boot-test-2.1.3.RELEASE.jar:/home/hmunoz/.m2/repository/org/springframework/boot/spring-boot-test-autoconfigure/2.1.3.RELEASE/spring-boot-test-autoconfigure-2.1.3.RELEASE.jar:/home/hmunoz/.m2/repository/com/jayway/jsonpath/json-path/2.4.0/json-path-2.4.0.jar:/home/hmunoz/.m2/repository/net/minidev/json-smart/2.3/json-smart-2.3.jar:/home/hmunoz/.m2/repository/net/minidev/accessors-smart/1.2/accessors-smart-1.2.jar:/home/hmunoz/.m2/repository/org/ow2/asm/asm/5.0.4/asm-5.0.4.jar:/home/hmunoz/.m2/repository/junit/junit/4.12/junit-4.12.jar:/home/hmunoz/.m2/repository/org/assertj/assertj-core/3.11.1/assertj-core-3.11.1.jar:/home/hmunoz/.m2/repository/org/mockito/mockito-core/2.23.4/mockito-core-2.23.4.jar:/home/hmunoz/.m2/repository/net/bytebuddy/byte-buddy/1.9.10/byte-buddy-1.9.10.jar:/home/hmunoz/.m2/repository/net/bytebuddy/byte-buddy-agent/1.9.10/byte-buddy-agent-1.9.10.jar:/home/hmunoz/.m2/repository/org/objenesis/objenesis/2.6/objenesis-2.6.jar:/home/hmunoz/.m2/repository/org/hamcrest/hamcrest-core/1.3/hamcrest-core-1.3.jar:/home/hmunoz/.m2/repository/org/hamcrest/hamcrest-library/1.3/hamcrest-library-1.3.jar:/home/hmunoz/.m2/repository/org/skyscreamer/jsonassert/1.5.0/jsonassert-1.5.0.jar:/home/hmunoz/.m2/repository/com/vaadin/external/google/android-json/0.0.20131108.vaadin1/android-json-0.0.20131108.vaadin1.jar:/home/hmunoz/.m2/repository/org/springframework/spring-core/5.1.5.RELEASE/spring-core-5.1.5.RELEASE.jar:/home/hmunoz/.m2/repository/org/springframework/spring-jcl/5.1.5.RELEASE/spring-jcl-5.1.5.RELEASE.jar:/home/hmunoz/.m2/repository/org/springframework/spring-test/5.1.5.RELEASE/spring-test-5.1.5.RELEASE.jar:/home/hmunoz/.m2/repository/org/xmlunit/xmlunit-core/2.6.2/xmlunit-core-2.6.2.jar:/home/hmunoz/.m2/repository/org/springframework/kafka/spring-kafka-test/2.2.4.RELEASE/spring-kafka-test-2.2.4.RELEASE.jar:/home/hmunoz/.m2/repository/org/apache/kafka/kafka-clients/2.0.1/kafka-clients-2.0.1-test.jar:/home/hmunoz/.m2/repository/org/apache/kafka/kafka_2.11/2.0.1/kafka_2.11-2.0.1.jar:/home/hmunoz/.m2/repository/net/sf/jopt-simple/jopt-simple/5.0.4/jopt-simple-5.0.4.jar:/home/hmunoz/.m2/repository/com/yammer/metrics/metrics-core/2.2.0/metrics-core-2.2.0.jar:/home/hmunoz/.m2/repository/org/scala-lang/scala-library/2.11.12/scala-library-2.11.12.jar:/home/hmunoz/.m2/repository/org/scala-lang/scala-reflect/2.11.12/scala-reflect-2.11.12.jar:/home/hmunoz/.m2/repository/com/typesafe/scala-logging/scala-logging_2.11/3.9.0/scala-logging_2.11-3.9.0.jar:/home/hmunoz/.m2/repository/com/101tec/zkclient/0.10/zkclient-0.10.jar:/home/hmunoz/.m2/repository/org/apache/zookeeper/zookeeper/3.4.13/zookeeper-3.4.13.jar:/home/hmunoz/.m2/repository/org/apache/yetus/audience-annotations/0.5.0/audience-annotations-0.5.0.jar:/home/hmunoz/.m2/repository/org/apache/kafka/kafka_2.11/2.0.1/kafka_2.11-2.0.1-test.jar:/home/hmunoz/.m2/repository/io/zonky/test/embedded-database-spring-test/1.4.0/embedded-database-spring-test-1.4.0.jar:/home/hmunoz/.m2/repository/io/zonky/test/embedded-database-spring-test-autoconfigure/1.4.0/embedded-database-spring-test-autoconfigure-1.4.0.jar:/home/hmunoz/.m2/repository/io/zonky/test/embedded-postgres/1.2.2/embedded-postgres-1.2.2.jar:/home/hmunoz/.m2/repository/io/zonky/test/postgres/embedded-postgres-binaries-windows-amd64/9.6.11/embedded-postgres-binaries-windows-amd64-9.6.11.jar:/home/hmunoz/.m2/repository/io/zonky/test/postgres/embedded-postgres-binaries-darwin-amd64/9.6.11/embedded-postgres-binaries-darwin-amd64-9.6.11.jar:/home/hmunoz/.m2/repository/io/zonky/test/postgres/embedded-postgres-binaries-linux-amd64/9.6.11/embedded-postgres-binaries-linux-amd64-9.6.11.jar:/home/hmunoz/.m2/repository/io/zonky/test/postgres/embedded-postgres-binaries-linux-amd64-alpine/9.6.11/embedded-postgres-binaries-linux-amd64-alpine-9.6.11.jar:/home/hmunoz/.m2/repository/org/apache/commons/commons-compress/1.18/commons-compress-1.18.jar:/home/hmunoz/.m2/repository/commons-io/commons-io/2.6/commons-io-2.6.jar:/home/hmunoz/.m2/repository/commons-codec/commons-codec/1.11/commons-codec-1.11.jar:/home/hmunoz/.m2/repository/org/flywaydb/flyway-core/5.2.4/flyway-core-5.2.4.jar:/home/hmunoz/.m2/repository/org/flywaydb/flyway-test-extensions/flyway-spring-test/5.0.0/flyway-spring-test-5.0.0.jar:/home/hmunoz/.m2/repository/org/springframework/spring-jdbc/5.1.5.RELEASE/spring-jdbc-5.1.5.RELEASE.jar:/home/hmunoz/.m2/repository/commons-dbcp/commons-dbcp/1.4/commons-dbcp-1.4.jar:/home/hmunoz/.m2/repository/commons-pool/commons-pool/1.6/commons-pool-1.6.jar:/home/hmunoz/.m2/repository/com/google/guava/guava/23.0/guava-23.0.jar:/home/hmunoz/.m2/repository/com/google/code/findbugs/jsr305/1.3.9/jsr305-1.3.9.jar:/home/hmunoz/.m2/repository/com/google/errorprone/error_prone_annotations/2.0.18/error_prone_annotations-2.0.18.jar:/home/hmunoz/.m2/repository/com/google/j2objc/j2objc-annotations/1.1/j2objc-annotations-1.1.jar:/home/hmunoz/.m2/repository/org/codehaus/mojo/animal-sniffer-annotations/1.14/animal-sniffer-annotations-1.14.jar:/home/hmunoz/.m2/repository/org/tukaani/xz/1.8/xz-1.8.jar:"/>
    <property name="java.vm.vendor" value="Azul Systems, Inc."/>
    <property name="sun.arch.data.model" value="64"/>
    <property name="java.vendor.url" value="http://www.azulsystems.com/"/>
    <property name="user.timezone" value=""/>
    <property name="java.vm.specification.version" value="1.8"/>
    <property name="os.name" value="Linux"/>
    <property name="user.country" value="ES"/>
    <property name="sun.java.launcher" value="SUN_STANDARD"/>
    <property name="sun.boot.library.path" value="/usr/lib/jvm/zulu-8-amd64/jre/lib/amd64"/>
    <property name="sun.java.command" value="/mnt/leibniz/work/src/stratio/pg2kafka/pg2kafka-spring-boot-autoconfigure/target/surefire/surefirebooter3730915827793303022.jar /mnt/leibniz/work/src/stratio/pg2kafka/pg2kafka-spring-boot-autoconfigure/target/surefire 2019-02-28T13-21-24_306-jvmRun1 surefire8303941728722039819tmp surefire_0791634036203387782tmp"/>
    <property name="surefire.test.class.path" value="/mnt/leibniz/work/src/stratio/pg2kafka/pg2kafka-spring-boot-autoconfigure/target/test-classes:/mnt/leibniz/work/src/stratio/pg2kafka/pg2kafka-spring-boot-autoconfigure/target/classes:/home/hmunoz/.m2/repository/io/projectreactor/addons/reactor-adapter/3.2.2.RELEASE/reactor-adapter-3.2.2.RELEASE.jar:/home/hmunoz/.m2/repository/io/projectreactor/reactor-core/3.2.6.RELEASE/reactor-core-3.2.6.RELEASE.jar:/home/hmunoz/.m2/repository/org/apache/commons/commons-lang3/3.8.1/commons-lang3-3.8.1.jar:/home/hmunoz/.m2/repository/org/springframework/boot/spring-boot-autoconfigure/2.1.3.RELEASE/spring-boot-autoconfigure-2.1.3.RELEASE.jar:/home/hmunoz/.m2/repository/org/springframework/boot/spring-boot/2.1.3.RELEASE/spring-boot-2.1.3.RELEASE.jar:/home/hmunoz/.m2/repository/org/springframework/boot/spring-boot-configuration-processor/2.1.3.RELEASE/spring-boot-configuration-processor-2.1.3.RELEASE.jar:/home/hmunoz/.m2/repository/org/springframework/boot/spring-boot-starter-integration/2.1.3.RELEASE/spring-boot-starter-integration-2.1.3.RELEASE.jar:/home/hmunoz/.m2/repository/org/springframework/boot/spring-boot-starter-aop/2.1.3.RELEASE/spring-boot-starter-aop-2.1.3.RELEASE.jar:/home/hmunoz/.m2/repository/org/springframework/spring-aop/5.1.5.RELEASE/spring-aop-5.1.5.RELEASE.jar:/home/hmunoz/.m2/repository/org/aspectj/aspectjweaver/1.9.2/aspectjweaver-1.9.2.jar:/home/hmunoz/.m2/repository/org/springframework/integration/spring-integration-core/5.1.3.RELEASE/spring-integration-core-5.1.3.RELEASE.jar:/home/hmunoz/.m2/repository/org/springframework/integration/spring-integration-kafka/3.1.1.RELEASE/spring-integration-kafka-3.1.1.RELEASE.jar:/home/hmunoz/.m2/repository/org/springframework/kafka/spring-kafka/2.2.4.RELEASE/spring-kafka-2.2.4.RELEASE.jar:/home/hmunoz/.m2/repository/org/springframework/spring-context/5.1.5.RELEASE/spring-context-5.1.5.RELEASE.jar:/home/hmunoz/.m2/repository/org/springframework/spring-beans/5.1.5.RELEASE/spring-beans-5.1.5.RELEASE.jar:/home/hmunoz/.m2/repository/org/springframework/spring-expression/5.1.5.RELEASE/spring-expression-5.1.5.RELEASE.jar:/home/hmunoz/.m2/repository/org/springframework/spring-messaging/5.1.5.RELEASE/spring-messaging-5.1.5.RELEASE.jar:/home/hmunoz/.m2/repository/org/springframework/spring-tx/5.1.5.RELEASE/spring-tx-5.1.5.RELEASE.jar:/home/hmunoz/.m2/repository/org/springframework/retry/spring-retry/1.2.4.RELEASE/spring-retry-1.2.4.RELEASE.jar:/home/hmunoz/.m2/repository/org/apache/kafka/kafka-clients/2.0.1/kafka-clients-2.0.1.jar:/home/hmunoz/.m2/repository/org/lz4/lz4-java/1.4.1/lz4-java-1.4.1.jar:/home/hmunoz/.m2/repository/org/xerial/snappy/snappy-java/1.1.7.1/snappy-java-1.1.7.1.jar:/home/hmunoz/.m2/repository/org/slf4j/slf4j-api/1.7.25/slf4j-api-1.7.25.jar:/home/hmunoz/.m2/repository/io/reactiverse/reactive-pg-client/0.11.2/reactive-pg-client-0.11.2.jar:/home/hmunoz/.m2/repository/io/vertx/vertx-core/3.6.2/vertx-core-3.6.2.jar:/home/hmunoz/.m2/repository/io/netty/netty-common/4.1.33.Final/netty-common-4.1.33.Final.jar:/home/hmunoz/.m2/repository/io/netty/netty-buffer/4.1.33.Final/netty-buffer-4.1.33.Final.jar:/home/hmunoz/.m2/repository/io/netty/netty-transport/4.1.33.Final/netty-transport-4.1.33.Final.jar:/home/hmunoz/.m2/repository/io/netty/netty-handler/4.1.33.Final/netty-handler-4.1.33.Final.jar:/home/hmunoz/.m2/repository/io/netty/netty-codec/4.1.33.Final/netty-codec-4.1.33.Final.jar:/home/hmunoz/.m2/repository/io/netty/netty-handler-proxy/4.1.33.Final/netty-handler-proxy-4.1.33.Final.jar:/home/hmunoz/.m2/repository/io/netty/netty-codec-socks/4.1.33.Final/netty-codec-socks-4.1.33.Final.jar:/home/hmunoz/.m2/repository/io/netty/netty-codec-http/4.1.33.Final/netty-codec-http-4.1.33.Final.jar:/home/hmunoz/.m2/repository/io/netty/netty-codec-http2/4.1.33.Final/netty-codec-http2-4.1.33.Final.jar:/home/hmunoz/.m2/repository/io/netty/netty-resolver/4.1.33.Final/netty-resolver-4.1.33.Final.jar:/home/hmunoz/.m2/repository/io/netty/netty-resolver-dns/4.1.33.Final/netty-resolver-dns-4.1.33.Final.jar:/home/hmunoz/.m2/repository/io/netty/netty-codec-dns/4.1.33.Final/netty-codec-dns-4.1.33.Final.jar:/home/hmunoz/.m2/repository/com/fasterxml/jackson/core/jackson-core/2.9.8/jackson-core-2.9.8.jar:/home/hmunoz/.m2/repository/com/fasterxml/jackson/core/jackson-databind/2.9.8/jackson-databind-2.9.8.jar:/home/hmunoz/.m2/repository/com/fasterxml/jackson/core/jackson-annotations/2.9.0/jackson-annotations-2.9.0.jar:/home/hmunoz/.m2/repository/org/postgresql/postgresql/42.2.5/postgresql-42.2.5.jar:/home/hmunoz/.m2/repository/org/projectlombok/lombok/1.18.6/lombok-1.18.6.jar:/home/hmunoz/.m2/repository/io/vertx/vertx-rx-java2/3.6.3/vertx-rx-java2-3.6.3.jar:/home/hmunoz/.m2/repository/io/reactivex/rxjava2/rxjava/2.2.6/rxjava-2.2.6.jar:/home/hmunoz/.m2/repository/org/reactivestreams/reactive-streams/1.0.2/reactive-streams-1.0.2.jar:/home/hmunoz/.m2/repository/io/vertx/vertx-rx-gen/3.6.3/vertx-rx-gen-3.6.3.jar:/home/hmunoz/.m2/repository/io/vertx/vertx-codegen/3.6.3/vertx-codegen-3.6.3.jar:/home/hmunoz/.m2/repository/org/mvel/mvel2/2.3.1.Final/mvel2-2.3.1.Final.jar:/home/hmunoz/.m2/repository/org/springframework/boot/spring-boot-starter-test/2.1.3.RELEASE/spring-boot-starter-test-2.1.3.RELEASE.jar:/home/hmunoz/.m2/repository/org/springframework/boot/spring-boot-starter/2.1.3.RELEASE/spring-boot-starter-2.1.3.RELEASE.jar:/home/hmunoz/.m2/repository/org/springframework/boot/spring-boot-starter-logging/2.1.3.RELEASE/spring-boot-starter-logging-2.1.3.RELEASE.jar:/home/hmunoz/.m2/repository/ch/qos/logback/logback-classic/1.2.3/logback-classic-1.2.3.jar:/home/hmunoz/.m2/repository/ch/qos/logback/logback-core/1.2.3/logback-core-1.2.3.jar:/home/hmunoz/.m2/repository/org/apache/logging/log4j/log4j-to-slf4j/2.11.2/log4j-to-slf4j-2.11.2.jar:/home/hmunoz/.m2/repository/org/apache/logging/log4j/log4j-api/2.11.2/log4j-api-2.11.2.jar:/home/hmunoz/.m2/repository/org/slf4j/jul-to-slf4j/1.7.25/jul-to-slf4j-1.7.25.jar:/home/hmunoz/.m2/repository/javax/annotation/javax.annotation-api/1.3.2/javax.annotation-api-1.3.2.jar:/home/hmunoz/.m2/repository/org/yaml/snakeyaml/1.23/snakeyaml-1.23.jar:/home/hmunoz/.m2/repository/org/springframework/boot/spring-boot-test/2.1.3.RELEASE/spring-boot-test-2.1.3.RELEASE.jar:/home/hmunoz/.m2/repository/org/springframework/boot/spring-boot-test-autoconfigure/2.1.3.RELEASE/spring-boot-test-autoconfigure-2.1.3.RELEASE.jar:/home/hmunoz/.m2/repository/com/jayway/jsonpath/json-path/2.4.0/json-path-2.4.0.jar:/home/hmunoz/.m2/repository/net/minidev/json-smart/2.3/json-smart-2.3.jar:/home/hmunoz/.m2/repository/net/minidev/accessors-smart/1.2/accessors-smart-1.2.jar:/home/hmunoz/.m2/repository/org/ow2/asm/asm/5.0.4/asm-5.0.4.jar:/home/hmunoz/.m2/repository/junit/junit/4.12/junit-4.12.jar:/home/hmunoz/.m2/repository/org/assertj/assertj-core/3.11.1/assertj-core-3.11.1.jar:/home/hmunoz/.m2/repository/org/mockito/mockito-core/2.23.4/mockito-core-2.23.4.jar:/home/hmunoz/.m2/repository/net/bytebuddy/byte-buddy/1.9.10/byte-buddy-1.9.10.jar:/home/hmunoz/.m2/repository/net/bytebuddy/byte-buddy-agent/1.9.10/byte-buddy-agent-1.9.10.jar:/home/hmunoz/.m2/repository/org/objenesis/objenesis/2.6/objenesis-2.6.jar:/home/hmunoz/.m2/repository/org/hamcrest/hamcrest-core/1.3/hamcrest-core-1.3.jar:/home/hmunoz/.m2/repository/org/hamcrest/hamcrest-library/1.3/hamcrest-library-1.3.jar:/home/hmunoz/.m2/repository/org/skyscreamer/jsonassert/1.5.0/jsonassert-1.5.0.jar:/home/hmunoz/.m2/repository/com/vaadin/external/google/android-json/0.0.20131108.vaadin1/android-json-0.0.20131108.vaadin1.jar:/home/hmunoz/.m2/repository/org/springframework/spring-core/5.1.5.RELEASE/spring-core-5.1.5.RELEASE.jar:/home/hmunoz/.m2/repository/org/springframework/spring-jcl/5.1.5.RELEASE/spring-jcl-5.1.5.RELEASE.jar:/home/hmunoz/.m2/repository/org/springframework/spring-test/5.1.5.RELEASE/spring-test-5.1.5.RELEASE.jar:/home/hmunoz/.m2/repository/org/xmlunit/xmlunit-core/2.6.2/xmlunit-core-2.6.2.jar:/home/hmunoz/.m2/repository/org/springframework/kafka/spring-kafka-test/2.2.4.RELEASE/spring-kafka-test-2.2.4.RELEASE.jar:/home/hmunoz/.m2/repository/org/apache/kafka/kafka-clients/2.0.1/kafka-clients-2.0.1-test.jar:/home/hmunoz/.m2/repository/org/apache/kafka/kafka_2.11/2.0.1/kafka_2.11-2.0.1.jar:/home/hmunoz/.m2/repository/net/sf/jopt-simple/jopt-simple/5.0.4/jopt-simple-5.0.4.jar:/home/hmunoz/.m2/repository/com/yammer/metrics/metrics-core/2.2.0/metrics-core-2.2.0.jar:/home/hmunoz/.m2/repository/org/scala-lang/scala-library/2.11.12/scala-library-2.11.12.jar:/home/hmunoz/.m2/repository/org/scala-lang/scala-reflect/2.11.12/scala-reflect-2.11.12.jar:/home/hmunoz/.m2/repository/com/typesafe/scala-logging/scala-logging_2.11/3.9.0/scala-logging_2.11-3.9.0.jar:/home/hmunoz/.m2/repository/com/101tec/zkclient/0.10/zkclient-0.10.jar:/home/hmunoz/.m2/repository/org/apache/zookeeper/zookeeper/3.4.13/zookeeper-3.4.13.jar:/home/hmunoz/.m2/repository/org/apache/yetus/audience-annotations/0.5.0/audience-annotations-0.5.0.jar:/home/hmunoz/.m2/repository/org/apache/kafka/kafka_2.11/2.0.1/kafka_2.11-2.0.1-test.jar:/home/hmunoz/.m2/repository/io/zonky/test/embedded-database-spring-test/1.4.0/embedded-database-spring-test-1.4.0.jar:/home/hmunoz/.m2/repository/io/zonky/test/embedded-database-spring-test-autoconfigure/1.4.0/embedded-database-spring-test-autoconfigure-1.4.0.jar:/home/hmunoz/.m2/repository/io/zonky/test/embedded-postgres/1.2.2/embedded-postgres-1.2.2.jar:/home/hmunoz/.m2/repository/io/zonky/test/postgres/embedded-postgres-binaries-windows-amd64/9.6.11/embedded-postgres-binaries-windows-amd64-9.6.11.jar:/home/hmunoz/.m2/repository/io/zonky/test/postgres/embedded-postgres-binaries-darwin-amd64/9.6.11/embedded-postgres-binaries-darwin-amd64-9.6.11.jar:/home/hmunoz/.m2/repository/io/zonky/test/postgres/embedded-postgres-binaries-linux-amd64/9.6.11/embedded-postgres-binaries-linux-amd64-9.6.11.jar:/home/hmunoz/.m2/repository/io/zonky/test/postgres/embedded-postgres-binaries-linux-amd64-alpine/9.6.11/embedded-postgres-binaries-linux-amd64-alpine-9.6.11.jar:/home/hmunoz/.m2/repository/org/apache/commons/commons-compress/1.18/commons-compress-1.18.jar:/home/hmunoz/.m2/repository/commons-io/commons-io/2.6/commons-io-2.6.jar:/home/hmunoz/.m2/repository/commons-codec/commons-codec/1.11/commons-codec-1.11.jar:/home/hmunoz/.m2/repository/org/flywaydb/flyway-core/5.2.4/flyway-core-5.2.4.jar:/home/hmunoz/.m2/repository/org/flywaydb/flyway-test-extensions/flyway-spring-test/5.0.0/flyway-spring-test-5.0.0.jar:/home/hmunoz/.m2/repository/org/springframework/spring-jdbc/5.1.5.RELEASE/spring-jdbc-5.1.5.RELEASE.jar:/home/hmunoz/.m2/repository/commons-dbcp/commons-dbcp/1.4/commons-dbcp-1.4.jar:/home/hmunoz/.m2/repository/commons-pool/commons-pool/1.6/commons-pool-1.6.jar:/home/hmunoz/.m2/repository/com/google/guava/guava/23.0/guava-23.0.jar:/home/hmunoz/.m2/repository/com/google/code/findbugs/jsr305/1.3.9/jsr305-1.3.9.jar:/home/hmunoz/.m2/repository/com/google/errorprone/error_prone_annotations/2.0.18/error_prone_annotations-2.0.18.jar:/home/hmunoz/.m2/repository/com/google/j2objc/j2objc-annotations/1.1/j2objc-annotations-1.1.jar:/home/hmunoz/.m2/repository/org/codehaus/mojo/animal-sniffer-annotations/1.14/animal-sniffer-annotations-1.14.jar:/home/hmunoz/.m2/repository/org/tukaani/xz/1.8/xz-1.8.jar:"/>
    <property name="sun.cpu.endian" value="little"/>
    <property name="user.home" value="/home/hmunoz"/>
    <property name="user.language" value="es"/>
    <property name="java.specification.vendor" value="Oracle Corporation"/>
    <property name="java.home" value="/usr/lib/jvm/zulu-8-amd64/jre"/>
    <property name="basedir" value="/mnt/leibniz/work/src/stratio/pg2kafka/pg2kafka-spring-boot-autoconfigure"/>
    <property name="file.separator" value="/"/>
    <property name="line.separator" value="&#10;"/>
    <property name="java.vm.specification.vendor" value="Oracle Corporation"/>
    <property name="java.specification.name" value="Java Platform API Specification"/>
    <property name="java.awt.graphicsenv" value="sun.awt.X11GraphicsEnvironment"/>
    <property name="surefire.real.class.path" value="/mnt/leibniz/work/src/stratio/pg2kafka/pg2kafka-spring-boot-autoconfigure/target/surefire/surefirebooter3730915827793303022.jar"/>
    <property name="sun.boot.class.path" value="/usr/lib/jvm/zulu-8-amd64/jre/lib/resources.jar:/usr/lib/jvm/zulu-8-amd64/jre/lib/rt.jar:/usr/lib/jvm/zulu-8-amd64/jre/lib/sunrsasign.jar:/usr/lib/jvm/zulu-8-amd64/jre/lib/jsse.jar:/usr/lib/jvm/zulu-8-amd64/jre/lib/jce.jar:/usr/lib/jvm/zulu-8-amd64/jre/lib/charsets.jar:/usr/lib/jvm/zulu-8-amd64/jre/lib/jfr.jar:/usr/lib/jvm/zulu-8-amd64/jre/lib/jdkjsse.jar:/usr/lib/jvm/zulu-8-amd64/jre/classes"/>
    <property name="sun.management.compiler" value="HotSpot 64-Bit Tiered Compilers"/>
    <property name="java.runtime.version" value="1.8.0_202-b04"/>
    <property name="user.name" value="hmunoz"/>
    <property name="path.separator" value=":"/>
    <property name="os.version" value="4.15.0-44-generic"/>
    <property name="java.endorsed.dirs" value="/usr/lib/jvm/zulu-8-amd64/jre/lib/endorsed"/>
    <property name="java.runtime.name" value="OpenJDK Runtime Environment"/>
    <property name="file.encoding" value="UTF-8"/>
    <property name="java.vm.name" value="OpenJDK 64-Bit Server VM"/>
    <property name="localRepository" value="/home/hmunoz/.m2/repository"/>
    <property name="java.vendor.url.bug" value="http://www.azulsystems.com/support/"/>
    <property name="java.io.tmpdir" value="/tmp"/>
    <property name="java.version" value="1.8.0_202"/>
    <property name="user.dir" value="/mnt/leibniz/work/src/stratio/pg2kafka/pg2kafka-spring-boot-autoconfigure"/>
    <property name="os.arch" value="amd64"/>
    <property name="java.vm.specification.name" value="Java Virtual Machine Specification"/>
    <property name="java.awt.printerjob" value="sun.print.PSPrinterJob"/>
    <property name="sun.os.patch.level" value="unknown"/>
    <property name="java.library.path" value="/usr/java/packages/lib/amd64:/usr/lib64:/lib64:/lib:/usr/lib"/>
    <property name="java.vm.info" value="mixed mode"/>
    <property name="java.vendor" value="Azul Systems, Inc."/>
    <property name="java.vm.version" value="25.202-b04"/>
    <property name="java.ext.dirs" value="/usr/lib/jvm/zulu-8-amd64/jre/lib/ext:/usr/java/packages/lib/ext"/>
    <property name="sun.io.unicode.encoding" value="UnicodeLittle"/>
    <property name="java.class.version" value="52.0"/>
  </properties>
  <testcase name="whenSpringContextIsBootstrapped_thenNoExceptions" classname="com.stratio.pg2kafka.SpringContextIntegrationTest" time="0.11"/>
</testsuite>