<?xml version="1.0" encoding="UTF-8"?>
<testsuite xmlns:xsi="http://www.w3.org/2001/XMLSchema-instance" xsi:noNamespaceSchemaLocation="https://maven.apache.org/surefire/maven-surefire-plugin/xsd/surefire-test-report.xsd" name="com.stratio.pg2kafka.sample.SampleApplicationTests" time="3.573" tests="1" errors="0" skipped="0" failures="0">
  <properties>
    <property name="awt.toolkit" value="sun.awt.X11.XToolkit"/>
    <property name="file.encoding.pkg" value="sun.io"/>
    <property name="java.specification.version" value="1.8"/>
    <property name="sun.cpu.isalist" value=""/>
    <property name="sun.jnu.encoding" value="UTF-8"/>
    <property name="java.class.path" value="/mnt/leibniz/work/src/stratio/pg2kafka/pg2kafka-spring-boot-sample-app/target/test-classes:/mnt/leibniz/work/src/stratio/pg2kafka/pg2kafka-spring-boot-sample-app/target/classes:/home/hmunoz/.m2/repository/org/springframework/boot/spring-boot-starter-web/2.1.2.RELEASE/spring-boot-starter-web-2.1.2.RELEASE.jar:/home/hmunoz/.m2/repository/org/springframework/boot/spring-boot-starter/2.1.2.RELEASE/spring-boot-starter-2.1.2.RELEASE.jar:/home/hmunoz/.m2/repository/org/springframework/boot/spring-boot-starter-logging/2.1.2.RELEASE/spring-boot-starter-logging-2.1.2.RELEASE.jar:/home/hmunoz/.m2/repository/ch/qos/logback/logback-classic/1.2.3/logback-classic-1.2.3.jar:/home/hmunoz/.m2/repository/ch/qos/logback/logback-core/1.2.3/logback-core-1.2.3.jar:/home/hmunoz/.m2/repository/org/apache/logging/log4j/log4j-to-slf4j/2.11.1/log4j-to-slf4j-2.11.1.jar:/home/hmunoz/.m2/repository/org/apache/logging/log4j/log4j-api/2.11.1/log4j-api-2.11.1.jar:/home/hmunoz/.m2/repository/org/slf4j/jul-to-slf4j/1.7.25/jul-to-slf4j-1.7.25.jar:/home/hmunoz/.m2/repository/javax/annotation/javax.annotation-api/1.3.2/javax.annotation-api-1.3.2.jar:/home/hmunoz/.m2/repository/org/yaml/snakeyaml/1.23/snakeyaml-1.23.jar:/home/hmunoz/.m2/repository/org/springframework/boot/spring-boot-starter-json/2.1.2.RELEASE/spring-boot-starter-json-2.1.2.RELEASE.jar:/home/hmunoz/.m2/repository/com/fasterxml/jackson/core/jackson-databind/2.9.8/jackson-databind-2.9.8.jar:/home/hmunoz/.m2/repository/com/fasterxml/jackson/core/jackson-annotations/2.9.0/jackson-annotations-2.9.0.jar:/home/hmunoz/.m2/repository/com/fasterxml/jackson/core/jackson-core/2.9.8/jackson-core-2.9.8.jar:/home/hmunoz/.m2/repository/com/fasterxml/jackson/datatype/jackson-datatype-jdk8/2.9.8/jackson-datatype-jdk8-2.9.8.jar:/home/hmunoz/.m2/repository/com/fasterxml/jackson/datatype/jackson-datatype-jsr310/2.9.8/jackson-datatype-jsr310-2.9.8.jar:/home/hmunoz/.m2/repository/com/fasterxml/jackson/module/jackson-module-parameter-names/2.9.8/jackson-module-parameter-names-2.9.8.jar:/home/hmunoz/.m2/repository/org/springframework/boot/spring-boot-starter-tomcat/2.1.2.RELEASE/spring-boot-starter-tomcat-2.1.2.RELEASE.jar:/home/hmunoz/.m2/repository/org/apache/tomcat/embed/tomcat-embed-core/9.0.14/tomcat-embed-core-9.0.14.jar:/home/hmunoz/.m2/repository/org/apache/tomcat/embed/tomcat-embed-el/9.0.14/tomcat-embed-el-9.0.14.jar:/home/hmunoz/.m2/repository/org/apache/tomcat/embed/tomcat-embed-websocket/9.0.14/tomcat-embed-websocket-9.0.14.jar:/home/hmunoz/.m2/repository/org/hibernate/validator/hibernate-validator/6.0.14.Final/hibernate-validator-6.0.14.Final.jar:/home/hmunoz/.m2/repository/javax/validation/validation-api/2.0.1.Final/validation-api-2.0.1.Final.jar:/home/hmunoz/.m2/repository/org/jboss/logging/jboss-logging/3.3.2.Final/jboss-logging-3.3.2.Final.jar:/home/hmunoz/.m2/repository/com/fasterxml/classmate/1.4.0/classmate-1.4.0.jar:/home/hmunoz/.m2/repository/org/springframework/spring-web/5.1.4.RELEASE/spring-web-5.1.4.RELEASE.jar:/home/hmunoz/.m2/repository/org/springframework/spring-beans/5.1.4.RELEASE/spring-beans-5.1.4.RELEASE.jar:/home/hmunoz/.m2/repository/org/springframework/spring-webmvc/5.1.4.RELEASE/spring-webmvc-5.1.4.RELEASE.jar:/home/hmunoz/.m2/repository/org/springframework/spring-aop/5.1.4.RELEASE/spring-aop-5.1.4.RELEASE.jar:/home/hmunoz/.m2/repository/org/springframework/spring-context/5.1.4.RELEASE/spring-context-5.1.4.RELEASE.jar:/home/hmunoz/.m2/repository/org/springframework/spring-expression/5.1.4.RELEASE/spring-expression-5.1.4.RELEASE.jar:/mnt/leibniz/work/src/stratio/pg2kafka/pg2kafka-spring-boot-starter/target/classes:/mnt/leibniz/work/src/stratio/pg2kafka/pg2kafka-spring-boot-autoconfigure/target/classes:/home/hmunoz/.m2/repository/io/projectreactor/addons/reactor-adapter/3.2.2.RELEASE/reactor-adapter-3.2.2.RELEASE.jar:/home/hmunoz/.m2/repository/io/projectreactor/reactor-core/3.2.5.RELEASE/reactor-core-3.2.5.RELEASE.jar:/home/hmunoz/.m2/repository/org/apache/commons/commons-lang3/3.8.1/commons-lang3-3.8.1.jar:/home/hmunoz/.m2/repository/org/springframework/boot/spring-boot-starter-integration/2.1.2.RELEASE/spring-boot-starter-integration-2.1.2.RELEASE.jar:/home/hmunoz/.m2/repository/org/springframework/boot/spring-boot-starter-aop/2.1.2.RELEASE/spring-boot-starter-aop-2.1.2.RELEASE.jar:/home/hmunoz/.m2/repository/org/aspectj/aspectjweaver/1.9.2/aspectjweaver-1.9.2.jar:/home/hmunoz/.m2/repository/org/springframework/integration/spring-integration-core/5.1.2.RELEASE/spring-integration-core-5.1.2.RELEASE.jar:/home/hmunoz/.m2/repository/org/springframework/integration/spring-integration-kafka/3.1.1.RELEASE/spring-integration-kafka-3.1.1.RELEASE.jar:/home/hmunoz/.m2/repository/org/springframework/kafka/spring-kafka/2.2.3.RELEASE/spring-kafka-2.2.3.RELEASE.jar:/home/hmunoz/.m2/repository/org/springframework/spring-messaging/5.1.4.RELEASE/spring-messaging-5.1.4.RELEASE.jar:/home/hmunoz/.m2/repository/org/springframework/spring-tx/5.1.4.RELEASE/spring-tx-5.1.4.RELEASE.jar:/home/hmunoz/.m2/repository/org/springframework/retry/spring-retry/1.2.3.RELEASE/spring-retry-1.2.3.RELEASE.jar:/home/hmunoz/.m2/repository/org/apache/kafka/kafka-clients/2.0.1/kafka-clients-2.0.1.jar:/home/hmunoz/.m2/repository/org/lz4/lz4-java/1.4.1/lz4-java-1.4.1.jar:/home/hmunoz/.m2/repository/org/xerial/snappy/snappy-java/1.1.7.1/snappy-java-1.1.7.1.jar:/home/hmunoz/.m2/repository/io/reactiverse/reactive-pg-client/0.11.2/reactive-pg-client-0.11.2.jar:/home/hmunoz/.m2/repository/io/vertx/vertx-core/3.6.2/vertx-core-3.6.2.jar:/home/hmunoz/.m2/repository/io/netty/netty-common/4.1.31.Final/netty-common-4.1.31.Final.jar:/home/hmunoz/.m2/repository/io/netty/netty-buffer/4.1.31.Final/netty-buffer-4.1.31.Final.jar:/home/hmunoz/.m2/repository/io/netty/netty-transport/4.1.31.Final/netty-transport-4.1.31.Final.jar:/home/hmunoz/.m2/repository/io/netty/netty-handler/4.1.31.Final/netty-handler-4.1.31.Final.jar:/home/hmunoz/.m2/repository/io/netty/netty-codec/4.1.31.Final/netty-codec-4.1.31.Final.jar:/home/hmunoz/.m2/repository/io/netty/netty-handler-proxy/4.1.31.Final/netty-handler-proxy-4.1.31.Final.jar:/home/hmunoz/.m2/repository/io/netty/netty-codec-socks/4.1.31.Final/netty-codec-socks-4.1.31.Final.jar:/home/hmunoz/.m2/repository/io/netty/netty-codec-http/4.1.31.Final/netty-codec-http-4.1.31.Final.jar:/home/hmunoz/.m2/repository/io/netty/netty-codec-http2/4.1.31.Final/netty-codec-http2-4.1.31.Final.jar:/home/hmunoz/.m2/repository/io/netty/netty-resolver/4.1.31.Final/netty-resolver-4.1.31.Final.jar:/home/hmunoz/.m2/repository/io/netty/netty-resolver-dns/4.1.31.Final/netty-resolver-dns-4.1.31.Final.jar:/home/hmunoz/.m2/repository/io/netty/netty-codec-dns/4.1.31.Final/netty-codec-dns-4.1.31.Final.jar:/home/hmunoz/.m2/repository/org/postgresql/postgresql/42.2.5/postgresql-42.2.5.jar:/home/hmunoz/.m2/repository/io/vertx/vertx-rx-java2/3.6.3/vertx-rx-java2-3.6.3.jar:/home/hmunoz/.m2/repository/io/reactivex/rxjava2/rxjava/2.2.5/rxjava-2.2.5.jar:/home/hmunoz/.m2/repository/org/reactivestreams/reactive-streams/1.0.2/reactive-streams-1.0.2.jar:/home/hmunoz/.m2/repository/io/vertx/vertx-rx-gen/3.6.3/vertx-rx-gen-3.6.3.jar:/home/hmunoz/.m2/repository/io/vertx/vertx-codegen/3.6.3/vertx-codegen-3.6.3.jar:/home/hmunoz/.m2/repository/org/mvel/mvel2/2.3.1.Final/mvel2-2.3.1.Final.jar:/home/hmunoz/.m2/repository/org/springframework/boot/spring-boot-devtools/2.1.2.RELEASE/spring-boot-devtools-2.1.2.RELEASE.jar:/home/hmunoz/.m2/repository/org/springframework/boot/spring-boot/2.1.2.RELEASE/spring-boot-2.1.2.RELEASE.jar:/home/hmunoz/.m2/repository/org/springframework/boot/spring-boot-autoconfigure/2.1.2.RELEASE/spring-boot-autoconfigure-2.1.2.RELEASE.jar:/home/hmunoz/.m2/repository/org/springframework/boot/spring-boot-starter-test/2.1.2.RELEASE/spring-boot-starter-test-2.1.2.RELEASE.jar:/home/hmunoz/.m2/repository/org/springframework/boot/spring-boot-test/2.1.2.RELEASE/spring-boot-test-2.1.2.RELEASE.jar:/home/hmunoz/.m2/repository/org/springframework/boot/spring-boot-test-autoconfigure/2.1.2.RELEASE/spring-boot-test-autoconfigure-2.1.2.RELEASE.jar:/home/hmunoz/.m2/repository/com/jayway/jsonpath/json-path/2.4.0/json-path-2.4.0.jar:/home/hmunoz/.m2/repository/net/minidev/json-smart/2.3/json-smart-2.3.jar:/home/hmunoz/.m2/repository/net/minidev/accessors-smart/1.2/accessors-smart-1.2.jar:/home/hmunoz/.m2/repository/org/ow2/asm/asm/5.0.4/asm-5.0.4.jar:/home/hmunoz/.m2/repository/org/slf4j/slf4j-api/1.7.25/slf4j-api-1.7.25.jar:/home/hmunoz/.m2/repository/junit/junit/4.12/junit-4.12.jar:/home/hmunoz/.m2/repository/org/assertj/assertj-core/3.11.1/assertj-core-3.11.1.jar:/home/hmunoz/.m2/repository/org/mockito/mockito-core/2.23.4/mockito-core-2.23.4.jar:/home/hmunoz/.m2/repository/net/bytebuddy/byte-buddy/1.9.7/byte-buddy-1.9.7.jar:/home/hmunoz/.m2/repository/net/bytebuddy/byte-buddy-agent/1.9.7/byte-buddy-agent-1.9.7.jar:/home/hmunoz/.m2/repository/org/objenesis/objenesis/2.6/objenesis-2.6.jar:/home/hmunoz/.m2/repository/org/hamcrest/hamcrest-core/1.3/hamcrest-core-1.3.jar:/home/hmunoz/.m2/repository/org/hamcrest/hamcrest-library/1.3/hamcrest-library-1.3.jar:/home/hmunoz/.m2/repository/org/skyscreamer/jsonassert/1.5.0/jsonassert-1.5.0.jar:/home/hmunoz/.m2/repository/com/vaadin/external/google/android-json/0.0.20131108.vaadin1/android-json-0.0.20131108.vaadin1.jar:/home/hmunoz/.m2/repository/org/springframework/spring-core/5.1.4.RELEASE/spring-core-5.1.4.RELEASE.jar:/home/hmunoz/.m2/repository/org/springframework/spring-jcl/5.1.4.RELEASE/spring-jcl-5.1.4.RELEASE.jar:/home/hmunoz/.m2/repository/org/springframework/spring-test/5.1.4.RELEASE/spring-test-5.1.4.RELEASE.jar:/home/hmunoz/.m2/repository/org/xmlunit/xmlunit-core/2.6.2/xmlunit-core-2.6.2.jar:"/>
    <property name="java.vm.vendor" value="Azul Systems, Inc."/>
    <property name="sun.arch.data.model" value="64"/>
    <property name="java.vendor.url" value="http://www.azulsystems.com/"/>
    <property name="user.timezone" value=""/>
    <property name="java.vm.specification.version" value="1.8"/>
    <property name="os.name" value="Linux"/>
    <property name="user.country" value="ES"/>
    <property name="sun.java.launcher" value="SUN_STANDARD"/>
    <property name="sun.boot.library.path" value="/usr/lib/jvm/zulu-8-amd64/jre/lib/amd64"/>
    <property name="sun.java.command" value="/mnt/leibniz/work/src/stratio/pg2kafka/pg2kafka-spring-boot-sample-app/target/surefire/surefirebooter4154263214603034658.jar /mnt/leibniz/work/src/stratio/pg2kafka/pg2kafka-spring-boot-sample-app/target/surefire 2019-02-28T13-21-24_306-jvmRun1 surefire5010532912395596757tmp surefire_11565087605533568418tmp"/>
    <property name="surefire.test.class.path" value="/mnt/leibniz/work/src/stratio/pg2kafka/pg2kafka-spring-boot-sample-app/target/test-classes:/mnt/leibniz/work/src/stratio/pg2kafka/pg2kafka-spring-boot-sample-app/target/classes:/home/hmunoz/.m2/repository/org/springframework/boot/spring-boot-starter-web/2.1.2.RELEASE/spring-boot-starter-web-2.1.2.RELEASE.jar:/home/hmunoz/.m2/repository/org/springframework/boot/spring-boot-starter/2.1.2.RELEASE/spring-boot-starter-2.1.2.RELEASE.jar:/home/hmunoz/.m2/repository/org/springframework/boot/spring-boot-starter-logging/2.1.2.RELEASE/spring-boot-starter-logging-2.1.2.RELEASE.jar:/home/hmunoz/.m2/repository/ch/qos/logback/logback-classic/1.2.3/logback-classic-1.2.3.jar:/home/hmunoz/.m2/repository/ch/qos/logback/logback-core/1.2.3/logback-core-1.2.3.jar:/home/hmunoz/.m2/repository/org/apache/logging/log4j/log4j-to-slf4j/2.11.1/log4j-to-slf4j-2.11.1.jar:/home/hmunoz/.m2/repository/org/apache/logging/log4j/log4j-api/2.11.1/log4j-api-2.11.1.jar:/home/hmunoz/.m2/repository/org/slf4j/jul-to-slf4j/1.7.25/jul-to-slf4j-1.7.25.jar:/home/hmunoz/.m2/repository/javax/annotation/javax.annotation-api/1.3.2/javax.annotation-api-1.3.2.jar:/home/hmunoz/.m2/repository/org/yaml/snakeyaml/1.23/snakeyaml-1.23.jar:/home/hmunoz/.m2/repository/org/springframework/boot/spring-boot-starter-json/2.1.2.RELEASE/spring-boot-starter-json-2.1.2.RELEASE.jar:/home/hmunoz/.m2/repository/com/fasterxml/jackson/core/jackson-databind/2.9.8/jackson-databind-2.9.8.jar:/home/hmunoz/.m2/repository/com/fasterxml/jackson/core/jackson-annotations/2.9.0/jackson-annotations-2.9.0.jar:/home/hmunoz/.m2/repository/com/fasterxml/jackson/core/jackson-core/2.9.8/jackson-core-2.9.8.jar:/home/hmunoz/.m2/repository/com/fasterxml/jackson/datatype/jackson-datatype-jdk8/2.9.8/jackson-datatype-jdk8-2.9.8.jar:/home/hmunoz/.m2/repository/com/fasterxml/jackson/datatype/jackson-datatype-jsr310/2.9.8/jackson-datatype-jsr310-2.9.8.jar:/home/hmunoz/.m2/repository/com/fasterxml/jackson/module/jackson-module-parameter-names/2.9.8/jackson-module-parameter-names-2.9.8.jar:/home/hmunoz/.m2/repository/org/springframework/boot/spring-boot-starter-tomcat/2.1.2.RELEASE/spring-boot-starter-tomcat-2.1.2.RELEASE.jar:/home/hmunoz/.m2/repository/org/apache/tomcat/embed/tomcat-embed-core/9.0.14/tomcat-embed-core-9.0.14.jar:/home/hmunoz/.m2/repository/org/apache/tomcat/embed/tomcat-embed-el/9.0.14/tomcat-embed-el-9.0.14.jar:/home/hmunoz/.m2/repository/org/apache/tomcat/embed/tomcat-embed-websocket/9.0.14/tomcat-embed-websocket-9.0.14.jar:/home/hmunoz/.m2/repository/org/hibernate/validator/hibernate-validator/6.0.14.Final/hibernate-validator-6.0.14.Final.jar:/home/hmunoz/.m2/repository/javax/validation/validation-api/2.0.1.Final/validation-api-2.0.1.Final.jar:/home/hmunoz/.m2/repository/org/jboss/logging/jboss-logging/3.3.2.Final/jboss-logging-3.3.2.Final.jar:/home/hmunoz/.m2/repository/com/fasterxml/classmate/1.4.0/classmate-1.4.0.jar:/home/hmunoz/.m2/repository/org/springframework/spring-web/5.1.4.RELEASE/spring-web-5.1.4.RELEASE.jar:/home/hmunoz/.m2/repository/org/springframework/spring-beans/5.1.4.RELEASE/spring-beans-5.1.4.RELEASE.jar:/home/hmunoz/.m2/repository/org/springframework/spring-webmvc/5.1.4.RELEASE/spring-webmvc-5.1.4.RELEASE.jar:/home/hmunoz/.m2/repository/org/springframework/spring-aop/5.1.4.RELEASE/spring-aop-5.1.4.RELEASE.jar:/home/hmunoz/.m2/repository/org/springframework/spring-context/5.1.4.RELEASE/spring-context-5.1.4.RELEASE.jar:/home/hmunoz/.m2/repository/org/springframework/spring-expression/5.1.4.RELEASE/spring-expression-5.1.4.RELEASE.jar:/mnt/leibniz/work/src/stratio/pg2kafka/pg2kafka-spring-boot-starter/target/classes:/mnt/leibniz/work/src/stratio/pg2kafka/pg2kafka-spring-boot-autoconfigure/target/classes:/home/hmunoz/.m2/repository/io/projectreactor/addons/reactor-adapter/3.2.2.RELEASE/reactor-adapter-3.2.2.RELEASE.jar:/home/hmunoz/.m2/repository/io/projectreactor/reactor-core/3.2.5.RELEASE/reactor-core-3.2.5.RELEASE.jar:/home/hmunoz/.m2/repository/org/apache/commons/commons-lang3/3.8.1/commons-lang3-3.8.1.jar:/home/hmunoz/.m2/repository/org/springframework/boot/spring-boot-starter-integration/2.1.2.RELEASE/spring-boot-starter-integration-2.1.2.RELEASE.jar:/home/hmunoz/.m2/repository/org/springframework/boot/spring-boot-starter-aop/2.1.2.RELEASE/spring-boot-starter-aop-2.1.2.RELEASE.jar:/home/hmunoz/.m2/repository/org/aspectj/aspectjweaver/1.9.2/aspectjweaver-1.9.2.jar:/home/hmunoz/.m2/repository/org/springframework/integration/spring-integration-core/5.1.2.RELEASE/spring-integration-core-5.1.2.RELEASE.jar:/home/hmunoz/.m2/repository/org/springframework/integration/spring-integration-kafka/3.1.1.RELEASE/spring-integration-kafka-3.1.1.RELEASE.jar:/home/hmunoz/.m2/repository/org/springframework/kafka/spring-kafka/2.2.3.RELEASE/spring-kafka-2.2.3.RELEASE.jar:/home/hmunoz/.m2/repository/org/springframework/spring-messaging/5.1.4.RELEASE/spring-messaging-5.1.4.RELEASE.jar:/home/hmunoz/.m2/repository/org/springframework/spring-tx/5.1.4.RELEASE/spring-tx-5.1.4.RELEASE.jar:/home/hmunoz/.m2/repository/org/springframework/retry/spring-retry/1.2.3.RELEASE/spring-retry-1.2.3.RELEASE.jar:/home/hmunoz/.m2/repository/org/apache/kafka/kafka-clients/2.0.1/kafka-clients-2.0.1.jar:/home/hmunoz/.m2/repository/org/lz4/lz4-java/1.4.1/lz4-java-1.4.1.jar:/home/hmunoz/.m2/repository/org/xerial/snappy/snappy-java/1.1.7.1/snappy-java-1.1.7.1.jar:/home/hmunoz/.m2/repository/io/reactiverse/reactive-pg-client/0.11.2/reactive-pg-client-0.11.2.jar:/home/hmunoz/.m2/repository/io/vertx/vertx-core/3.6.2/vertx-core-3.6.2.jar:/home/hmunoz/.m2/repository/io/netty/netty-common/4.1.31.Final/netty-common-4.1.31.Final.jar:/home/hmunoz/.m2/repository/io/netty/netty-buffer/4.1.31.Final/netty-buffer-4.1.31.Final.jar:/home/hmunoz/.m2/repository/io/netty/netty-transport/4.1.31.Final/netty-transport-4.1.31.Final.jar:/home/hmunoz/.m2/repository/io/netty/netty-handler/4.1.31.Final/netty-handler-4.1.31.Final.jar:/home/hmunoz/.m2/repository/io/netty/netty-codec/4.1.31.Final/netty-codec-4.1.31.Final.jar:/home/hmunoz/.m2/repository/io/netty/netty-handler-proxy/4.1.31.Final/netty-handler-proxy-4.1.31.Final.jar:/home/hmunoz/.m2/repository/io/netty/netty-codec-socks/4.1.31.Final/netty-codec-socks-4.1.31.Final.jar:/home/hmunoz/.m2/repository/io/netty/netty-codec-http/4.1.31.Final/netty-codec-http-4.1.31.Final.jar:/home/hmunoz/.m2/repository/io/netty/netty-codec-http2/4.1.31.Final/netty-codec-http2-4.1.31.Final.jar:/home/hmunoz/.m2/repository/io/netty/netty-resolver/4.1.31.Final/netty-resolver-4.1.31.Final.jar:/home/hmunoz/.m2/repository/io/netty/netty-resolver-dns/4.1.31.Final/netty-resolver-dns-4.1.31.Final.jar:/home/hmunoz/.m2/repository/io/netty/netty-codec-dns/4.1.31.Final/netty-codec-dns-4.1.31.Final.jar:/home/hmunoz/.m2/repository/org/postgresql/postgresql/42.2.5/postgresql-42.2.5.jar:/home/hmunoz/.m2/repository/io/vertx/vertx-rx-java2/3.6.3/vertx-rx-java2-3.6.3.jar:/home/hmunoz/.m2/repository/io/reactivex/rxjava2/rxjava/2.2.5/rxjava-2.2.5.jar:/home/hmunoz/.m2/repository/org/reactivestreams/reactive-streams/1.0.2/reactive-streams-1.0.2.jar:/home/hmunoz/.m2/repository/io/vertx/vertx-rx-gen/3.6.3/vertx-rx-gen-3.6.3.jar:/home/hmunoz/.m2/repository/io/vertx/vertx-codegen/3.6.3/vertx-codegen-3.6.3.jar:/home/hmunoz/.m2/repository/org/mvel/mvel2/2.3.1.Final/mvel2-2.3.1.Final.jar:/home/hmunoz/.m2/repository/org/springframework/boot/spring-boot-devtools/2.1.2.RELEASE/spring-boot-devtools-2.1.2.RELEASE.jar:/home/hmunoz/.m2/repository/org/springframework/boot/spring-boot/2.1.2.RELEASE/spring-boot-2.1.2.RELEASE.jar:/home/hmunoz/.m2/repository/org/springframework/boot/spring-boot-autoconfigure/2.1.2.RELEASE/spring-boot-autoconfigure-2.1.2.RELEASE.jar:/home/hmunoz/.m2/repository/org/springframework/boot/spring-boot-starter-test/2.1.2.RELEASE/spring-boot-starter-test-2.1.2.RELEASE.jar:/home/hmunoz/.m2/repository/org/springframework/boot/spring-boot-test/2.1.2.RELEASE/spring-boot-test-2.1.2.RELEASE.jar:/home/hmunoz/.m2/repository/org/springframework/boot/spring-boot-test-autoconfigure/2.1.2.RELEASE/spring-boot-test-autoconfigure-2.1.2.RELEASE.jar:/home/hmunoz/.m2/repository/com/jayway/jsonpath/json-path/2.4.0/json-path-2.4.0.jar:/home/hmunoz/.m2/repository/net/minidev/json-smart/2.3/json-smart-2.3.jar:/home/hmunoz/.m2/repository/net/minidev/accessors-smart/1.2/accessors-smart-1.2.jar:/home/hmunoz/.m2/repository/org/ow2/asm/asm/5.0.4/asm-5.0.4.jar:/home/hmunoz/.m2/repository/org/slf4j/slf4j-api/1.7.25/slf4j-api-1.7.25.jar:/home/hmunoz/.m2/repository/junit/junit/4.12/junit-4.12.jar:/home/hmunoz/.m2/repository/org/assertj/assertj-core/3.11.1/assertj-core-3.11.1.jar:/home/hmunoz/.m2/repository/org/mockito/mockito-core/2.23.4/mockito-core-2.23.4.jar:/home/hmunoz/.m2/repository/net/bytebuddy/byte-buddy/1.9.7/byte-buddy-1.9.7.jar:/home/hmunoz/.m2/repository/net/bytebuddy/byte-buddy-agent/1.9.7/byte-buddy-agent-1.9.7.jar:/home/hmunoz/.m2/repository/org/objenesis/objenesis/2.6/objenesis-2.6.jar:/home/hmunoz/.m2/repository/org/hamcrest/hamcrest-core/1.3/hamcrest-core-1.3.jar:/home/hmunoz/.m2/repository/org/hamcrest/hamcrest-library/1.3/hamcrest-library-1.3.jar:/home/hmunoz/.m2/repository/org/skyscreamer/jsonassert/1.5.0/jsonassert-1.5.0.jar:/home/hmunoz/.m2/repository/com/vaadin/external/google/android-json/0.0.20131108.vaadin1/android-json-0.0.20131108.vaadin1.jar:/home/hmunoz/.m2/repository/org/springframework/spring-core/5.1.4.RELEASE/spring-core-5.1.4.RELEASE.jar:/home/hmunoz/.m2/repository/org/springframework/spring-jcl/5.1.4.RELEASE/spring-jcl-5.1.4.RELEASE.jar:/home/hmunoz/.m2/repository/org/springframework/spring-test/5.1.4.RELEASE/spring-test-5.1.4.RELEASE.jar:/home/hmunoz/.m2/repository/org/xmlunit/xmlunit-core/2.6.2/xmlunit-core-2.6.2.jar:"/>
    <property name="sun.cpu.endian" value="little"/>
    <property name="user.home" value="/home/hmunoz"/>
    <property name="user.language" value="es"/>
    <property name="java.specification.vendor" value="Oracle Corporation"/>
    <property name="java.home" value="/usr/lib/jvm/zulu-8-amd64/jre"/>
    <property name="basedir" value="/mnt/leibniz/work/src/stratio/pg2kafka/pg2kafka-spring-boot-sample-app"/>
    <property name="file.separator" value="/"/>
    <property name="line.separator" value="&#10;"/>
    <property name="java.vm.specification.vendor" value="Oracle Corporation"/>
    <property name="java.specification.name" value="Java Platform API Specification"/>
    <property name="java.awt.graphicsenv" value="sun.awt.X11GraphicsEnvironment"/>
    <property name="surefire.real.class.path" value="/mnt/leibniz/work/src/stratio/pg2kafka/pg2kafka-spring-boot-sample-app/target/surefire/surefirebooter4154263214603034658.jar"/>
    <property name="sun.boot.class.path" value="/usr/lib/jvm/zulu-8-amd64/jre/lib/resources.jar:/usr/lib/jvm/zulu-8-amd64/jre/lib/rt.jar:/usr/lib/jvm/zulu-8-amd64/jre/lib/sunrsasign.jar:/usr/lib/jvm/zulu-8-amd64/jre/lib/jsse.jar:/usr/lib/jvm/zulu-8-amd64/jre/lib/jce.jar:/usr/lib/jvm/zulu-8-amd64/jre/lib/charsets.jar:/usr/lib/jvm/zulu-8-amd64/jre/lib/jfr.jar:/usr/lib/jvm/zulu-8-amd64/jre/lib/jdkjsse.jar:/usr/lib/jvm/zulu-8-amd64/jre/classes"/>
    <property name="sun.management.compiler" value="HotSpot 64-Bit Tiered Compilers"/>
    <property name="java.runtime.version" value="1.8.0_202-b04"/>
    <property name="user.name" value="hmunoz"/>
    <property name="path.separator" value=":"/>
    <property name="os.version" value="4.15.0-44-generic"/>
    <property name="java.endorsed.dirs" value="/usr/lib/jvm/zulu-8-amd64/jre/lib/endorsed"/>
    <property name="java.runtime.name" value="OpenJDK Runtime Environment"/>
    <property name="file.encoding" value="UTF-8"/>
    <property name="java.vm.name" value="OpenJDK 64-Bit Server VM"/>
    <property name="localRepository" value="/home/hmunoz/.m2/repository"/>
    <property name="java.vendor.url.bug" value="http://www.azulsystems.com/support/"/>
    <property name="java.io.tmpdir" value="/tmp"/>
    <property name="java.version" value="1.8.0_202"/>
    <property name="user.dir" value="/mnt/leibniz/work/src/stratio/pg2kafka/pg2kafka-spring-boot-sample-app"/>
    <property name="os.arch" value="amd64"/>
    <property name="java.vm.specification.name" value="Java Virtual Machine Specification"/>
    <property name="java.awt.printerjob" value="sun.print.PSPrinterJob"/>
    <property name="sun.os.patch.level" value="unknown"/>
    <property name="java.library.path" value="/usr/java/packages/lib/amd64:/usr/lib64:/lib64:/lib:/usr/lib"/>
    <property name="java.vm.info" value="mixed mode"/>
    <property name="java.vendor" value="Azul Systems, Inc."/>
    <property name="java.vm.version" value="25.202-b04"/>
    <property name="java.ext.dirs" value="/usr/lib/jvm/zulu-8-amd64/jre/lib/ext:/usr/java/packages/lib/ext"/>
    <property name="sun.io.unicode.encoding" value="UnicodeLittle"/>
    <property name="java.class.version" value="52.0"/>
  </properties>
  <testcase name="whenSpringContextIsBootstrapped_thenNoExceptions" classname="com.stratio.pg2kafka.sample.SampleApplicationTests" time="0.121"/>
</testsuite>